0 info it worked if it ends with ok
1 verbose cli [ 'node', '/usr/local/bin/npm', 'install', 'babel-core', '-g' ]
2 info using npm@1.4.28
3 info using node@v0.10.33
4 verbose cache add [ 'babel-core', null ]
5 verbose cache add name=undefined spec="babel-core" args=["babel-core",null]
6 verbose parsed url { protocol: null,
6 verbose parsed url   slashes: null,
6 verbose parsed url   auth: null,
6 verbose parsed url   host: null,
6 verbose parsed url   port: null,
6 verbose parsed url   hostname: null,
6 verbose parsed url   hash: null,
6 verbose parsed url   search: null,
6 verbose parsed url   query: null,
6 verbose parsed url   pathname: 'babel-core',
6 verbose parsed url   path: 'babel-core',
6 verbose parsed url   href: 'babel-core' }
7 silly lockFile 0041412e-babel-core babel-core
8 verbose lock babel-core /Users/michal.plachta/.npm/0041412e-babel-core.lock
9 silly lockFile 0041412e-babel-core babel-core
10 silly lockFile 0041412e-babel-core babel-core
11 verbose addNamed [ 'babel-core', '' ]
12 verbose addNamed [ null, '*' ]
13 silly lockFile 47c391ae-babel-core babel-core@
14 verbose lock babel-core@ /Users/michal.plachta/.npm/47c391ae-babel-core.lock
15 silly addNameRange { name: 'babel-core', range: '*', hasData: false }
16 verbose request where is /babel-core
17 verbose request registry https://registry.npmjs.org/
18 verbose request id 30590ba425736e6d
19 verbose url raw /babel-core
20 verbose url resolving [ 'https://registry.npmjs.org/', './babel-core' ]
21 verbose url resolved https://registry.npmjs.org/babel-core
22 verbose request where is https://registry.npmjs.org/babel-core
23 info trying registry request attempt 1 at 23:49:58
24 verbose etag "9Y1JY878R3FYS9B8V3LJZ1RQK"
25 http GET https://registry.npmjs.org/babel-core
26 http 200 https://registry.npmjs.org/babel-core
27 silly registry.get cb [ 200,
27 silly registry.get   { server: 'CouchDB/1.5.0 (Erlang OTP/R16B03)',
27 silly registry.get     etag: '"C61LNMNO97KLQLZSRZED8HF0W"',
27 silly registry.get     'content-type': 'application/json',
27 silly registry.get     'cache-control': 'max-age=60',
27 silly registry.get     'content-length': '305483',
27 silly registry.get     'accept-ranges': 'bytes',
27 silly registry.get     date: 'Sat, 12 Sep 2015 21:49:50 GMT',
27 silly registry.get     via: '1.1 varnish',
27 silly registry.get     age: '17',
27 silly registry.get     connection: 'keep-alive',
27 silly registry.get     'x-served-by': 'cache-fra1230-FRA',
27 silly registry.get     'x-cache': 'HIT',
27 silly registry.get     'x-cache-hits': '1',
27 silly registry.get     'x-timer': 'S1442094590.111722,VS0,VE1',
27 silly registry.get     vary: 'Accept' } ]
28 silly addNameRange number 2 { name: 'babel-core', range: '*', hasData: true }
29 silly addNameRange versions [ 'babel-core',
29 silly addNameRange   [ '4.0.1',
29 silly addNameRange     '4.0.2',
29 silly addNameRange     '4.1.1',
29 silly addNameRange     '4.2.0',
29 silly addNameRange     '4.2.1',
29 silly addNameRange     '4.3.0',
29 silly addNameRange     '4.4.1',
29 silly addNameRange     '4.4.2',
29 silly addNameRange     '4.4.3',
29 silly addNameRange     '4.4.4',
29 silly addNameRange     '4.4.5',
29 silly addNameRange     '4.4.6',
29 silly addNameRange     '4.5.0',
29 silly addNameRange     '4.5.1',
29 silly addNameRange     '4.5.2',
29 silly addNameRange     '4.5.3',
29 silly addNameRange     '4.5.4',
29 silly addNameRange     '4.5.5',
29 silly addNameRange     '4.6.0',
29 silly addNameRange     '4.6.1',
29 silly addNameRange     '4.6.3',
29 silly addNameRange     '4.6.4',
29 silly addNameRange     '4.6.5',
29 silly addNameRange     '4.6.6',
29 silly addNameRange     '4.7.0',
29 silly addNameRange     '4.7.1',
29 silly addNameRange     '4.7.2',
29 silly addNameRange     '4.7.3',
29 silly addNameRange     '4.7.4',
29 silly addNameRange     '4.7.5',
29 silly addNameRange     '4.7.6',
29 silly addNameRange     '4.7.7',
29 silly addNameRange     '4.7.8',
29 silly addNameRange     '4.7.9',
29 silly addNameRange     '4.7.10',
29 silly addNameRange     '4.7.11',
29 silly addNameRange     '4.7.12',
29 silly addNameRange     '4.7.13',
29 silly addNameRange     '4.7.14',
29 silly addNameRange     '4.7.15',
29 silly addNameRange     '4.7.16',
29 silly addNameRange     '5.0.0-beta2',
29 silly addNameRange     '5.0.0-beta3',
29 silly addNameRange     '5.0.0-beta4',
29 silly addNameRange     '5.0.0',
29 silly addNameRange     '5.0.1',
29 silly addNameRange     '5.0.2',
29 silly addNameRange     '5.0.3',
29 silly addNameRange     '5.0.4',
29 silly addNameRange     '5.0.5',
29 silly addNameRange     '5.0.6',
29 silly addNameRange     '5.0.7',
29 silly addNameRange     '5.0.8',
29 silly addNameRange     '5.0.9',
29 silly addNameRange     '5.0.10',
29 silly addNameRange     '5.0.11',
29 silly addNameRange     '5.0.12',
29 silly addNameRange     '5.0.13',
29 silly addNameRange     '5.1.0',
29 silly addNameRange     '5.1.1',
29 silly addNameRange     '5.1.2',
29 silly addNameRange     '5.1.3',
29 silly addNameRange     '5.1.4',
29 silly addNameRange     '5.1.5',
29 silly addNameRange     '5.1.6',
29 silly addNameRange     '5.1.7',
29 silly addNameRange     '5.1.8',
29 silly addNameRange     '5.1.9',
29 silly addNameRange     '5.1.10',
29 silly addNameRange     '5.1.11',
29 silly addNameRange     '5.1.12',
29 silly addNameRange     '5.1.13',
29 silly addNameRange     '5.2.0',
29 silly addNameRange     '5.2.1',
29 silly addNameRange     '5.2.2',
29 silly addNameRange     '5.2.3',
29 silly addNameRange     '5.2.4',
29 silly addNameRange     '5.2.5',
29 silly addNameRange     '5.2.6',
29 silly addNameRange     '5.2.7',
29 silly addNameRange     '5.2.9',
29 silly addNameRange     '5.2.10',
29 silly addNameRange     '5.2.11',
29 silly addNameRange     '5.2.12',
29 silly addNameRange     '5.2.13',
29 silly addNameRange     '5.2.14',
29 silly addNameRange     '5.2.15',
29 silly addNameRange     '5.2.16',
29 silly addNameRange     '5.2.17',
29 silly addNameRange     '5.3.0',
29 silly addNameRange     '5.3.1',
29 silly addNameRange     '5.3.2',
29 silly addNameRange     '5.3.3',
29 silly addNameRange     '5.4.0',
29 silly addNameRange     '5.4.1',
29 silly addNameRange     '5.4.2',
29 silly addNameRange     '5.4.3',
29 silly addNameRange     '5.4.4',
29 silly addNameRange     '5.4.5',
29 silly addNameRange     '5.4.6',
29 silly addNameRange     '5.4.7',
29 silly addNameRange     '5.5.0',
29 silly addNameRange     '5.5.1',
29 silly addNameRange     '5.5.2',
29 silly addNameRange     '5.5.3',
29 silly addNameRange     '5.5.4',
29 silly addNameRange     '5.5.5',
29 silly addNameRange     '5.5.6',
29 silly addNameRange     '5.5.7',
29 silly addNameRange     '5.5.8',
29 silly addNameRange     '5.6.1',
29 silly addNameRange     '5.6.2',
29 silly addNameRange     '5.6.3',
29 silly addNameRange     '5.6.4',
29 silly addNameRange     '5.6.5',
29 silly addNameRange     '5.6.6',
29 silly addNameRange     '5.6.7',
29 silly addNameRange     '5.6.10',
29 silly addNameRange     '5.6.11',
29 silly addNameRange     '5.6.12',
29 silly addNameRange     '5.6.14',
29 silly addNameRange     '5.6.15',
29 silly addNameRange     '5.6.16',
29 silly addNameRange     '5.6.18',
29 silly addNameRange     '5.6.19',
29 silly addNameRange     '5.6.20',
29 silly addNameRange     '5.7.0',
29 silly addNameRange     '5.7.1',
29 silly addNameRange     '5.7.2',
29 silly addNameRange     '5.7.3',
29 silly addNameRange     '5.7.4',
29 silly addNameRange     '5.8.1',
29 silly addNameRange     '5.8.2',
29 silly addNameRange     '5.8.3',
29 silly addNameRange     '5.8.5',
29 silly addNameRange     '5.8.6',
29 silly addNameRange     '5.8.8',
29 silly addNameRange     '5.8.9',
29 silly addNameRange     '5.8.12',
29 silly addNameRange     '5.8.14',
29 silly addNameRange     '5.8.19',
29 silly addNameRange     '5.8.20',
29 silly addNameRange     '5.8.21',
29 silly addNameRange     '5.8.22',
29 silly addNameRange     '5.8.23',
29 silly addNameRange     '5.8.24' ] ]
30 verbose addNamed [ 'babel-core', '5.8.24' ]
31 verbose addNamed [ '5.8.24', '5.8.24' ]
32 silly lockFile 6f4a8304-babel-core-5-8-24 babel-core@5.8.24
33 verbose lock babel-core@5.8.24 /Users/michal.plachta/.npm/6f4a8304-babel-core-5-8-24.lock
34 silly lockFile 0708a940-babel-core-babel-core-5-8-24-tgz https://registry.npmjs.org/babel-core/-/babel-core-5.8.24.tgz
35 verbose lock https://registry.npmjs.org/babel-core/-/babel-core-5.8.24.tgz /Users/michal.plachta/.npm/0708a940-babel-core-babel-core-5-8-24-tgz.lock
36 verbose addRemoteTarball [ 'https://registry.npmjs.org/babel-core/-/babel-core-5.8.24.tgz',
36 verbose addRemoteTarball   'f49d99305106587ed6f339a40b68617cab71357b' ]
37 info retry fetch attempt 1 at 23:49:59
38 verbose fetch to= /var/folders/wy/wbdsvt711pgbpc3gfnc8lvg5lvjdq7/T/npm-37268-zKLXWyVg/registry.npmjs.org/babel-core/-/babel-core-5.8.24.tgz
39 http GET https://registry.npmjs.org/babel-core/-/babel-core-5.8.24.tgz
40 http 200 https://registry.npmjs.org/babel-core/-/babel-core-5.8.24.tgz
41 silly lockFile 0708a940-babel-core-babel-core-5-8-24-tgz https://registry.npmjs.org/babel-core/-/babel-core-5.8.24.tgz
42 silly lockFile 0708a940-babel-core-babel-core-5-8-24-tgz https://registry.npmjs.org/babel-core/-/babel-core-5.8.24.tgz
43 silly lockFile 6f4a8304-babel-core-5-8-24 babel-core@5.8.24
44 silly lockFile 6f4a8304-babel-core-5-8-24 babel-core@5.8.24
45 silly lockFile 47c391ae-babel-core babel-core@
46 silly lockFile 47c391ae-babel-core babel-core@
47 silly resolved [ { name: 'babel-core',
47 silly resolved     version: '5.8.24',
47 silly resolved     description: 'A compiler for writing next generation JavaScript',
47 silly resolved     author: { name: 'Sebastian McKenzie', email: 'sebmck@gmail.com' },
47 silly resolved     homepage: 'https://babeljs.io/',
47 silly resolved     license: 'MIT',
47 silly resolved     repository: { type: 'git', url: 'git+https://github.com/babel/babel.git' },
47 silly resolved     browser: { './lib/api/register/node.js': './lib/api/register/browser.js' },
47 silly resolved     keywords:
47 silly resolved      [ '6to5',
47 silly resolved        'babel',
47 silly resolved        'classes',
47 silly resolved        'const',
47 silly resolved        'es6',
47 silly resolved        'harmony',
47 silly resolved        'let',
47 silly resolved        'modules',
47 silly resolved        'transpile',
47 silly resolved        'transpiler',
47 silly resolved        'var' ],
47 silly resolved     scripts: { bench: 'make bench', test: 'make test' },
47 silly resolved     dependencies:
47 silly resolved      { 'babel-plugin-constant-folding': '^1.0.1',
47 silly resolved        'babel-plugin-dead-code-elimination': '^1.0.2',
47 silly resolved        'babel-plugin-eval': '^1.0.1',
47 silly resolved        'babel-plugin-inline-environment-variables': '^1.0.1',
47 silly resolved        'babel-plugin-jscript': '^1.0.4',
47 silly resolved        'babel-plugin-member-expression-literals': '^1.0.1',
47 silly resolved        'babel-plugin-property-literals': '^1.0.1',
47 silly resolved        'babel-plugin-proto-to-assign': '^1.0.3',
47 silly resolved        'babel-plugin-react-constant-elements': '^1.0.3',
47 silly resolved        'babel-plugin-react-display-name': '^1.0.3',
47 silly resolved        'babel-plugin-remove-console': '^1.0.1',
47 silly resolved        'babel-plugin-remove-debugger': '^1.0.1',
47 silly resolved        'babel-plugin-runtime': '^1.0.7',
47 silly resolved        'babel-plugin-undeclared-variables-check': '^1.0.2',
47 silly resolved        'babel-plugin-undefined-to-void': '^1.1.6',
47 silly resolved        babylon: '^5.8.23',
47 silly resolved        bluebird: '^2.9.33',
47 silly resolved        chalk: '^1.0.0',
47 silly resolved        'convert-source-map': '^1.1.0',
47 silly resolved        'core-js': '^1.0.0',
47 silly resolved        debug: '^2.1.1',
47 silly resolved        'detect-indent': '^3.0.0',
47 silly resolved        esutils: '^2.0.0',
47 silly resolved        'fs-readdir-recursive': '^0.1.0',
47 silly resolved        globals: '^6.4.0',
47 silly resolved        'home-or-tmp': '^1.0.0',
47 silly resolved        'is-integer': '^1.0.4',
47 silly resolved        'js-tokens': '1.0.1',
47 silly resolved        json5: '^0.4.0',
47 silly resolved        'line-numbers': '0.2.0',
47 silly resolved        lodash: '^3.10.0',
47 silly resolved        minimatch: '^2.0.3',
47 silly resolved        'output-file-sync': '^1.1.0',
47 silly resolved        'path-exists': '^1.0.0',
47 silly resolved        'path-is-absolute': '^1.0.0',
47 silly resolved        private: '^0.1.6',
47 silly resolved        regenerator: '0.8.35',
47 silly resolved        regexpu: '^1.1.2',
47 silly resolved        repeating: '^1.1.2',
47 silly resolved        resolve: '^1.1.6',
47 silly resolved        'shebang-regex': '^1.0.0',
47 silly resolved        slash: '^1.0.0',
47 silly resolved        'source-map': '^0.4.0',
47 silly resolved        'source-map-support': '^0.2.10',
47 silly resolved        'to-fast-properties': '^1.0.0',
47 silly resolved        'trim-right': '^1.0.0',
47 silly resolved        'try-resolve': '^1.0.0' },
47 silly resolved     bugs: { url: 'https://github.com/babel/babel/issues' },
47 silly resolved     _id: 'babel-core@5.8.24',
47 silly resolved     _shasum: 'f49d99305106587ed6f339a40b68617cab71357b',
47 silly resolved     _from: 'babel-core@',
47 silly resolved     _npmVersion: '2.11.3',
47 silly resolved     _nodeVersion: '0.12.7',
47 silly resolved     _npmUser: { name: 'sebmck', email: 'sebmck@gmail.com' },
47 silly resolved     dist:
47 silly resolved      { shasum: 'f49d99305106587ed6f339a40b68617cab71357b',
47 silly resolved        tarball: 'http://registry.npmjs.org/babel-core/-/babel-core-5.8.24.tgz' },
47 silly resolved     maintainers: [ [Object] ],
47 silly resolved     directories: {},
47 silly resolved     _resolved: 'https://registry.npmjs.org/babel-core/-/babel-core-5.8.24.tgz' } ]
48 info install babel-core@5.8.24 into /usr/local/lib
49 info installOne babel-core@5.8.24
50 verbose lib/node_modules/babel-core unbuild
51 verbose tar unpack /Users/michal.plachta/.npm/babel-core/5.8.24/package.tgz
52 silly lockFile daa09468-ocal-lib-node-modules-babel-core tar:///usr/local/lib/node_modules/babel-core
53 verbose lock tar:///usr/local/lib/node_modules/babel-core /Users/michal.plachta/.npm/daa09468-ocal-lib-node-modules-babel-core.lock
54 silly lockFile 2aa4d599-pm-babel-core-5-8-24-package-tgz tar:///Users/michal.plachta/.npm/babel-core/5.8.24/package.tgz
55 verbose lock tar:///Users/michal.plachta/.npm/babel-core/5.8.24/package.tgz /Users/michal.plachta/.npm/2aa4d599-pm-babel-core-5-8-24-package-tgz.lock
56 silly gunzTarPerm modes [ '755', '644' ]
57 error Error: EACCES, mkdir '/usr/local/lib/node_modules/babel-core'
57 error  { [Error: EACCES, mkdir '/usr/local/lib/node_modules/babel-core']
57 error   errno: 3,
57 error   code: 'EACCES',
57 error   path: '/usr/local/lib/node_modules/babel-core',
57 error   fstream_type: 'Directory',
57 error   fstream_path: '/usr/local/lib/node_modules/babel-core',
57 error   fstream_class: 'DirWriter',
57 error   fstream_stack:
57 error    [ '/usr/local/lib/node_modules/npm/node_modules/fstream/lib/dir-writer.js:36:23',
57 error      '/usr/local/lib/node_modules/npm/node_modules/mkdirp/index.js:46:53',
57 error      'Object.oncomplete (fs.js:107:15)' ] }
58 error Please try running this command again as root/Administrator.
59 error System Darwin 14.3.0
60 error command "node" "/usr/local/bin/npm" "install" "babel-core" "-g"
61 error cwd /Users/michal.plachta/workspace/web-snake
62 error node -v v0.10.33
63 error npm -v 1.4.28
64 error path /usr/local/lib/node_modules/babel-core
65 error fstream_path /usr/local/lib/node_modules/babel-core
66 error fstream_type Directory
67 error fstream_class DirWriter
68 error code EACCES
69 error errno 3
70 error stack Error: EACCES, mkdir '/usr/local/lib/node_modules/babel-core'
71 error fstream_stack /usr/local/lib/node_modules/npm/node_modules/fstream/lib/dir-writer.js:36:23
71 error fstream_stack /usr/local/lib/node_modules/npm/node_modules/mkdirp/index.js:46:53
71 error fstream_stack Object.oncomplete (fs.js:107:15)
72 verbose exit [ 3, true ]
